        -:    0:Source:/home/octav/CLionProjects/Lab10/WatchlistCRUDGUI.h
        -:    0:Graph:/home/octav/CLionProjects/Lab10/cmake-build-debug-coverage/CMakeFiles/Lab10.dir/GUI.cpp.gcno
        -:    0:Data:/home/octav/CLionProjects/Lab10/cmake-build-debug-coverage/CMakeFiles/Lab10.dir/GUI.cpp.gcda
        -:    0:Runs:1
        -:    1:#pragma once
        -:    2:
        -:    3:#include "GUI.h"
        -:    4:
        -:    5:class WatchlistCRUDGUI : public QWidget, public Observer{
        -:    6:private:
        -:    7:    Service &service;
        -:    8:    QTableWidget *table = new QTableWidget();
        -:    9:    QPushButton *btnAdd = new QPushButton("Add");
        -:   10:    QPushButton *btnDelete = new QPushButton("Delete");
        -:   11:    QPushButton *btnSaveToFile = new QPushButton("Save to file");
        -:   12:    QPushButton *btnGenerateWatchlist = new QPushButton("Generate watchlist");
        -:   13:
        -:   14:    QLineEdit *titleText = new QLineEdit("");
        -:   15:    QLineEdit *genreText = new QLineEdit("");
        -:   16:    QLineEdit *yearText = new QLineEdit("");
        -:   17:    QLineEdit *mainActorText = new QLineEdit("");
        -:   18:    QLineEdit *fileName = new QLineEdit("");
        -:   19:    QLineEdit *numberOfMovies = new QLineEdit("");
        -:   20:
        -:   21:    void initGUI();
        -:   22:
        -:   23:    void initConnect();
        -:   24:
        -:   25:    void loadData();
        -:   26:public:
function _ZN16WatchlistCRUDGUIC2ER7Service called 0 returned 0% blocks executed 0%
    #####:   27:    WatchlistCRUDGUI(Service &service1) : service{service1} {
    %%%%%:   27-block  0
call    0 never executed
call    1 never executed
branch  2 never executed
branch  3 never executed
    %%%%%:   27-block  1
call    4 never executed
call    5 never executed
branch  6 never executed
branch  7 never executed
    %%%%%:   27-block  2
call    8 never executed
branch  9 never executed
branch 10 never executed
    %%%%%:   27-block  3
call   11 never executed
branch 12 never executed
branch 13 never executed
    %%%%%:   27-block  4
call   14 never executed
branch 15 never executed
branch 16 never executed
    %%%%%:   27-block  5
call   17 never executed
branch 18 never executed
branch 19 never executed
    %%%%%:   27-block  6
call   20 never executed
call   21 never executed
branch 22 never executed
branch 23 never executed
    %%%%%:   27-block  7
call   24 never executed
branch 25 never executed
branch 26 never executed
    %%%%%:   27-block  8
call   27 never executed
branch 28 never executed
branch 29 never executed
    %%%%%:   27-block  9
call   30 never executed
call   31 never executed
branch 32 never executed
branch 33 never executed
    %%%%%:   27-block 10
call   34 never executed
branch 35 never executed
branch 36 never executed
    %%%%%:   27-block 11
call   37 never executed
branch 38 never executed
branch 39 never executed
    %%%%%:   27-block 12
call   40 never executed
call   41 never executed
branch 42 never executed
branch 43 never executed
    %%%%%:   27-block 13
call   44 never executed
branch 45 never executed
branch 46 never executed
    %%%%%:   27-block 14
call   47 never executed
branch 48 never executed
branch 49 never executed
    %%%%%:   27-block 15
call   50 never executed
call   51 never executed
branch 52 never executed
branch 53 never executed
    %%%%%:   27-block 16
call   54 never executed
branch 55 never executed
branch 56 never executed
    %%%%%:   27-block 17
call   57 never executed
branch 58 never executed
branch 59 never executed
    %%%%%:   27-block 18
call   60 never executed
call   61 never executed
branch 62 never executed
branch 63 never executed
    %%%%%:   27-block 19
call   64 never executed
branch 65 never executed
branch 66 never executed
    %%%%%:   27-block 20
call   67 never executed
branch 68 never executed
branch 69 never executed
    %%%%%:   27-block 21
call   70 never executed
call   71 never executed
branch 72 never executed
branch 73 never executed
    %%%%%:   27-block 22
call   74 never executed
branch 75 never executed
branch 76 never executed
    %%%%%:   27-block 23
call   77 never executed
branch 78 never executed
branch 79 never executed
    %%%%%:   27-block 24
call   80 never executed
call   81 never executed
branch 82 never executed
branch 83 never executed
    %%%%%:   27-block 25
call   84 never executed
branch 85 never executed
branch 86 never executed
    %%%%%:   27-block 26
call   87 never executed
branch 88 never executed
branch 89 never executed
    %%%%%:   27-block 27
call   90 never executed
call   91 never executed
branch 92 never executed
branch 93 never executed
    %%%%%:   27-block 28
call   94 never executed
branch 95 never executed
branch 96 never executed
    %%%%%:   27-block 29
call   97 never executed
branch 98 never executed
branch 99 never executed
    %%%%%:   27-block 30
call   100 never executed
call   101 never executed
branch 102 never executed
branch 103 never executed
    %%%%%:   27-block 31
call   104 never executed
branch 105 never executed
branch 106 never executed
    %%%%%:   27-block 32
call   107 never executed
branch 108 never executed
branch 109 never executed
    %%%%%:   27-block 33
call   110 never executed
    $$$$$:   27-block 34
call   111 never executed
    $$$$$:   27-block 35
call   112 never executed
    $$$$$:   27-block 36
call   113 never executed
    $$$$$:   27-block 37
call   114 never executed
    $$$$$:   27-block 38
    $$$$$:   27-block 39
call   115 never executed
    $$$$$:   27-block 40
call   116 never executed
    $$$$$:   27-block 41
    $$$$$:   27-block 42
call   117 never executed
    $$$$$:   27-block 43
call   118 never executed
    $$$$$:   27-block 44
    $$$$$:   27-block 45
call   119 never executed
    $$$$$:   27-block 46
call   120 never executed
    $$$$$:   27-block 47
    $$$$$:   27-block 48
call   121 never executed
    $$$$$:   27-block 49
call   122 never executed
    $$$$$:   27-block 50
    $$$$$:   27-block 51
call   123 never executed
    $$$$$:   27-block 52
call   124 never executed
    $$$$$:   27-block 53
    $$$$$:   27-block 54
call   125 never executed
    $$$$$:   27-block 55
call   126 never executed
    $$$$$:   27-block 56
    $$$$$:   27-block 57
call   127 never executed
    $$$$$:   27-block 58
call   128 never executed
    $$$$$:   27-block 59
    $$$$$:   27-block 60
call   129 never executed
    $$$$$:   27-block 61
call   130 never executed
    $$$$$:   27-block 62
    $$$$$:   27-block 63
call   131 never executed
    $$$$$:   27-block 64
call   132 never executed
    $$$$$:   27-block 65
    #####:   28:        service.addObserver(this);
call    0 never executed
branch  1 never executed
branch  2 never executed
    #####:   29:        initGUI();
    %%%%%:   29-block  0
call    0 never executed
branch  1 never executed
branch  2 never executed
    #####:   30:        initConnect();
    %%%%%:   30-block  0
call    0 never executed
branch  1 never executed
branch  2 never executed
    #####:   31:        loadData();
    %%%%%:   31-block  0
call    0 never executed
branch  1 never executed
branch  2 never executed
    #####:   32:    }
    %%%%%:   32-block  0
    $$$$$:   32-block  1
call    0 never executed
    $$$$$:   32-block  2
call    1 never executed
        -:   33:
function _ZN16WatchlistCRUDGUI6updateEv called 0 returned 0% blocks executed 0%
    #####:   34:    void update() override {
    #####:   35:        loadData();
    %%%%%:   35-block  0
call    0 never executed
    #####:   36:    }
        -:   37:
        -:   38:};
        -:   39:
