        -:    0:Source:/home/octav/CLionProjects/Lab10/JustListGUI.cpp
        -:    0:Graph:/home/octav/CLionProjects/Lab10/cmake-build-debug-coverage/CMakeFiles/Lab10.dir/JustListGUI.cpp.gcno
        -:    0:Data:/home/octav/CLionProjects/Lab10/cmake-build-debug-coverage/CMakeFiles/Lab10.dir/JustListGUI.cpp.gcda
        -:    0:Runs:1
        -:    1:
        -:    2:#include "JustListGUI.h"
        -:    3:
function _ZN11JustListGUI7initGUIEv called 0 returned 0% blocks executed 0%
    #####:    4:void JustListGUI::initGUI() {
        -:    5:    //Print the table
    #####:    6:    auto mainLayout = new QHBoxLayout();
    %%%%%:    6-block  0
call    0 never executed
call    1 never executed
branch  2 never executed
branch  3 never executed
    $$$$$:    6-block  1
call    4 never executed
    #####:    7:    setLayout(mainLayout);
    %%%%%:    7-block  0
call    0 never executed
    #####:    8:    mainLayout->addWidget(table);
call    0 never executed
call    1 never executed
branch  2 never executed
branch  3 never executed
        -:    9:
    #####:   10:    show();
    %%%%%:   10-block  0
call    0 never executed
    #####:   11:}
        -:   12:
function _ZN11JustListGUI8loadDataEv called 0 returned 0% blocks executed 0%
    #####:   13:void JustListGUI::loadData() {
    #####:   14:    table->clear();
    %%%%%:   14-block  0
call    0 never executed
    #####:   15:    table->setRowCount(0);
call    0 never executed
    #####:   16:    for (const auto & movie : movies) {
call    0 never executed
call    1 never executed
    %%%%%:   16-block  0
call    2 never executed
    %%%%%:   16-block  1
call    3 never executed
branch  4 never executed
branch  5 never executed
    #####:   17:        int row = table->rowCount();
call    0 never executed
branch  1 never executed
branch  2 never executed
    #####:   18:        table->insertRow(row);
    %%%%%:   18-block  0
call    0 never executed
branch  1 never executed
branch  2 never executed
    #####:   19:        table->setItem(row, 0, new QTableWidgetItem(QString::fromStdString(movie.getTitle())));
    %%%%%:   19-block  0
call    0 never executed
branch  1 never executed
branch  2 never executed
    %%%%%:   19-block  1
call    3 never executed
branch  4 never executed
branch  5 never executed
    %%%%%:   19-block  2
call    6 never executed
branch  7 never executed
branch  8 never executed
    %%%%%:   19-block  3
call    9 never executed
branch 10 never executed
branch 11 never executed
    %%%%%:   19-block  4
call   12 never executed
branch 13 never executed
branch 14 never executed
    %%%%%:   19-block  5
call   15 never executed
call   16 never executed
    $$$$$:   19-block  6
call   17 never executed
    $$$$$:   19-block  7
call   18 never executed
    $$$$$:   19-block  8
    $$$$$:   19-block  9
call   19 never executed
    $$$$$:   19-block 10
    #####:   20:        table->setItem(row, 1, new QTableWidgetItem(QString::fromStdString(movie.getGenre())));
call    0 never executed
branch  1 never executed
branch  2 never executed
    %%%%%:   20-block  0
call    3 never executed
branch  4 never executed
branch  5 never executed
    %%%%%:   20-block  1
call    6 never executed
branch  7 never executed
branch  8 never executed
    %%%%%:   20-block  2
call    9 never executed
branch 10 never executed
branch 11 never executed
    %%%%%:   20-block  3
call   12 never executed
branch 13 never executed
branch 14 never executed
    %%%%%:   20-block  4
call   15 never executed
call   16 never executed
    $$$$$:   20-block  5
call   17 never executed
    $$$$$:   20-block  6
call   18 never executed
    $$$$$:   20-block  7
    $$$$$:   20-block  8
call   19 never executed
    $$$$$:   20-block  9
    #####:   21:        table->setItem(row, 2, new QTableWidgetItem(QString::fromStdString(to_string(movie.getYear()))));
call    0 never executed
branch  1 never executed
branch  2 never executed
    %%%%%:   21-block  0
call    3 never executed
branch  4 never executed
branch  5 never executed
    %%%%%:   21-block  1
call    6 never executed
branch  7 never executed
branch  8 never executed
    %%%%%:   21-block  2
call    9 never executed
branch 10 never executed
branch 11 never executed
    %%%%%:   21-block  3
call   12 never executed
branch 13 never executed
branch 14 never executed
    %%%%%:   21-block  4
call   15 never executed
branch 16 never executed
branch 17 never executed
    %%%%%:   21-block  5
call   18 never executed
call   19 never executed
    $$$$$:   21-block  6
call   20 never executed
    $$$$$:   21-block  7
call   21 never executed
    $$$$$:   21-block  8
    $$$$$:   21-block  9
call   22 never executed
    $$$$$:   21-block 10
    #####:   22:        table->setItem(row, 3, new QTableWidgetItem(QString::fromStdString(movie.getMainActor())));
call    0 never executed
branch  1 never executed
branch  2 never executed
    %%%%%:   22-block  0
call    3 never executed
branch  4 never executed
branch  5 never executed
    %%%%%:   22-block  1
call    6 never executed
branch  7 never executed
branch  8 never executed
    %%%%%:   22-block  2
call    9 never executed
branch 10 never executed
branch 11 never executed
    %%%%%:   22-block  3
call   12 never executed
branch 13 never executed
branch 14 never executed
    %%%%%:   22-block  4
call   15 never executed
call   16 never executed
call   17 never executed
    $$$$$:   22-block  5
call   18 never executed
    $$$$$:   22-block  6
call   19 never executed
    $$$$$:   22-block  7
    $$$$$:   22-block  8
call   20 never executed
    $$$$$:   22-block  9
        -:   23:    }
    #####:   24:}
    %%%%%:   24-block  0
