        -:    0:Source:/home/octav/CLionProjects/Lab10/GUI.h
        -:    0:Graph:/home/octav/CLionProjects/Lab10/cmake-build-debug-coverage/CMakeFiles/Lab10.dir/main.cpp.gcno
        -:    0:Data:/home/octav/CLionProjects/Lab10/cmake-build-debug-coverage/CMakeFiles/Lab10.dir/main.cpp.gcda
        -:    0:Runs:1
        -:    1:#pragma once
        -:    2:
        -:    3:#include "Service.h"
        -:    4:#include <QApplication>
        -:    5:#include <QLabel>
        -:    6:#include <QPushButton>
        -:    7:#include <QHBoxLayout>
        -:    8:#include <QVBoxLayout>
        -:    9:#include <QTableWidget>
        -:   10:#include <QLineEdit>
        -:   11:#include <QFormLayout>
        -:   12:#include <QListWidget>
        -:   13:#include <QMessageBox>
        -:   14:#include <QVBoxLayout>
        -:   15:#include <QTableWidget>
        -:   16:#include <vector>
        -:   17:#include <string>
        -:   18:#include "WatchlistCRUDGUI.h"
        -:   19:#include "JustListGUI.h"
        -:   20:#include "WatchListReadOnlyGUI.h"
        -:   21:#include "Observer.h"
        -:   22:#include "TableModel.h"
        -:   23:#include <QHeaderView>
        -:   24:
        -:   25:class GUI : public QWidget{
        -:   26:private:
        -:   27:    Service& service;
        -:   28:    QTableWidget* table = new QTableWidget(0,4);
        -:   29:    QTableView* tableView = new QTableView();
        -:   30:    TableModel* model = new TableModel(service);
        -:   31:
        -:   32:    QPushButton* btnExit = new QPushButton("Exit");
        -:   33:    QPushButton* btnAdd = new QPushButton("Add");
        -:   34:    QPushButton* btnUpdate = new QPushButton("Update");
        -:   35:    QPushButton* btnDelete = new QPushButton("Delete");
        -:   36:    QPushButton* btnReadOnly = new QPushButton("Read Only Watchlist");
        -:   37:    QPushButton* btnUndo = new QPushButton("Undo");
        -:   38:
        -:   39:    QVBoxLayout* buttonLayout = new QVBoxLayout();
        -:   40:
        -:   41:    QPushButton* btnFilterByTitle = new QPushButton("Filter by title");
        -:   42:    QPushButton* btnFilterByYear = new QPushButton("Filter by year");
        -:   43:    QPushButton* btnFilterByGenre = new QPushButton("Filter by genre");
        -:   44:    QPushButton* btnSortByTitle = new QPushButton("Sort by title");
        -:   45:    QPushButton* btnSortByGenre = new QPushButton("Sort by genre");
        -:   46:    QPushButton* btnSortByYear = new QPushButton("Sort by year");
        -:   47:    QPushButton* btnSortByMainActor = new QPushButton("Sort by main actor");
        -:   48:    QPushButton* btnWatchList = new QPushButton("Watchlist Window");
        -:   49:
        -:   50:
        -:   51:    vector<QPushButton*> genreButtons;
        -:   52:
        -:   53:
        -:   54:    QLineEdit* titleText = new QLineEdit();
        -:   55:    QLineEdit* genreText = new QLineEdit();
        -:   56:    QLineEdit* yearText = new QLineEdit();
        -:   57:    QLineEdit* mainActorText = new QLineEdit();
        -:   58:
        -:   59:    void initGUI();
        -:   60:    void loadData(const vector<Movie>& movies);
        -:   61:    void initConnect();
        -:   62:    void addButtons();
        -:   63:
        -:   64:public:
function _ZN3GUIC2ER7Service called 1 returned 100% blocks executed 48%
        1:   65:    GUI(Service& service) : service{service} {
        1:   65-block  0
call    0 returned 1
call    1 returned 1
branch  2 taken 1 (fallthrough)
branch  3 taken 0 (throw)
        1:   65-block  1
call    4 returned 1
branch  5 taken 1 (fallthrough)
branch  6 taken 0 (throw)
        1:   65-block  2
call    7 returned 1
branch  8 taken 1 (fallthrough)
branch  9 taken 0 (throw)
        1:   65-block  3
call   10 returned 1
branch 11 taken 1 (fallthrough)
branch 12 taken 0 (throw)
        1:   65-block  4
call   13 returned 1
branch 14 taken 1 (fallthrough)
branch 15 taken 0 (throw)
        1:   65-block  5
call   16 returned 1
branch 17 taken 1 (fallthrough)
branch 18 taken 0 (throw)
        1:   65-block  6
call   19 returned 1
branch 20 taken 1 (fallthrough)
branch 21 taken 0 (throw)
        1:   65-block  7
call   22 returned 1
branch 23 taken 1 (fallthrough)
branch 24 taken 0 (throw)
        1:   65-block  8
call   25 returned 1
branch 26 taken 1 (fallthrough)
branch 27 taken 0 (throw)
        1:   65-block  9
call   28 returned 1
branch 29 taken 1 (fallthrough)
branch 30 taken 0 (throw)
        1:   65-block 10
call   31 returned 1
call   32 returned 1
branch 33 taken 1 (fallthrough)
branch 34 taken 0 (throw)
        1:   65-block 11
call   35 returned 1
branch 36 taken 1 (fallthrough)
branch 37 taken 0 (throw)
        1:   65-block 12
call   38 returned 1
branch 39 taken 1 (fallthrough)
branch 40 taken 0 (throw)
        1:   65-block 13
call   41 returned 1
call   42 returned 1
branch 43 taken 1 (fallthrough)
branch 44 taken 0 (throw)
        1:   65-block 14
call   45 returned 1
branch 46 taken 1 (fallthrough)
branch 47 taken 0 (throw)
        1:   65-block 15
call   48 returned 1
branch 49 taken 1 (fallthrough)
branch 50 taken 0 (throw)
        1:   65-block 16
call   51 returned 1
call   52 returned 1
branch 53 taken 1 (fallthrough)
branch 54 taken 0 (throw)
        1:   65-block 17
call   55 returned 1
branch 56 taken 1 (fallthrough)
branch 57 taken 0 (throw)
        1:   65-block 18
call   58 returned 1
branch 59 taken 1 (fallthrough)
branch 60 taken 0 (throw)
        1:   65-block 19
call   61 returned 1
call   62 returned 1
branch 63 taken 1 (fallthrough)
branch 64 taken 0 (throw)
        1:   65-block 20
call   65 returned 1
branch 66 taken 1 (fallthrough)
branch 67 taken 0 (throw)
        1:   65-block 21
call   68 returned 1
branch 69 taken 1 (fallthrough)
branch 70 taken 0 (throw)
        1:   65-block 22
call   71 returned 1
call   72 returned 1
branch 73 taken 1 (fallthrough)
branch 74 taken 0 (throw)
        1:   65-block 23
call   75 returned 1
branch 76 taken 1 (fallthrough)
branch 77 taken 0 (throw)
        1:   65-block 24
call   78 returned 1
branch 79 taken 1 (fallthrough)
branch 80 taken 0 (throw)
        1:   65-block 25
call   81 returned 1
call   82 returned 1
branch 83 taken 1 (fallthrough)
branch 84 taken 0 (throw)
        1:   65-block 26
call   85 returned 1
branch 86 taken 1 (fallthrough)
branch 87 taken 0 (throw)
        1:   65-block 27
call   88 returned 1
branch 89 taken 1 (fallthrough)
branch 90 taken 0 (throw)
        1:   65-block 28
call   91 returned 1
branch 92 taken 1 (fallthrough)
branch 93 taken 0 (throw)
        1:   65-block 29
call   94 returned 1
branch 95 taken 1 (fallthrough)
branch 96 taken 0 (throw)
        1:   65-block 30
call   97 returned 1
call   98 returned 1
branch 99 taken 1 (fallthrough)
branch 100 taken 0 (throw)
        1:   65-block 31
call   101 returned 1
branch 102 taken 1 (fallthrough)
branch 103 taken 0 (throw)
        1:   65-block 32
call   104 returned 1
branch 105 taken 1 (fallthrough)
branch 106 taken 0 (throw)
        1:   65-block 33
call   107 returned 1
call   108 returned 1
branch 109 taken 1 (fallthrough)
branch 110 taken 0 (throw)
        1:   65-block 34
call   111 returned 1
branch 112 taken 1 (fallthrough)
branch 113 taken 0 (throw)
        1:   65-block 35
call   114 returned 1
branch 115 taken 1 (fallthrough)
branch 116 taken 0 (throw)
        1:   65-block 36
call   117 returned 1
call   118 returned 1
branch 119 taken 1 (fallthrough)
branch 120 taken 0 (throw)
        1:   65-block 37
call   121 returned 1
branch 122 taken 1 (fallthrough)
branch 123 taken 0 (throw)
        1:   65-block 38
call   124 returned 1
branch 125 taken 1 (fallthrough)
branch 126 taken 0 (throw)
        1:   65-block 39
call   127 returned 1
call   128 returned 1
branch 129 taken 1 (fallthrough)
branch 130 taken 0 (throw)
        1:   65-block 40
call   131 returned 1
branch 132 taken 1 (fallthrough)
branch 133 taken 0 (throw)
        1:   65-block 41
call   134 returned 1
branch 135 taken 1 (fallthrough)
branch 136 taken 0 (throw)
        1:   65-block 42
call   137 returned 1
call   138 returned 1
branch 139 taken 1 (fallthrough)
branch 140 taken 0 (throw)
        1:   65-block 43
call   141 returned 1
branch 142 taken 1 (fallthrough)
branch 143 taken 0 (throw)
        1:   65-block 44
call   144 returned 1
branch 145 taken 1 (fallthrough)
branch 146 taken 0 (throw)
        1:   65-block 45
call   147 returned 1
call   148 returned 1
branch 149 taken 1 (fallthrough)
branch 150 taken 0 (throw)
        1:   65-block 46
call   151 returned 1
branch 152 taken 1 (fallthrough)
branch 153 taken 0 (throw)
        1:   65-block 47
call   154 returned 1
branch 155 taken 1 (fallthrough)
branch 156 taken 0 (throw)
        1:   65-block 48
call   157 returned 1
call   158 returned 1
branch 159 taken 1 (fallthrough)
branch 160 taken 0 (throw)
        1:   65-block 49
call   161 returned 1
branch 162 taken 1 (fallthrough)
branch 163 taken 0 (throw)
        1:   65-block 50
call   164 returned 1
branch 165 taken 1 (fallthrough)
branch 166 taken 0 (throw)
        1:   65-block 51
call   167 returned 1
call   168 returned 1
call   169 returned 1
branch 170 taken 1 (fallthrough)
branch 171 taken 0 (throw)
        1:   65-block 52
call   172 returned 1
branch 173 taken 1 (fallthrough)
branch 174 taken 0 (throw)
        1:   65-block 53
call   175 returned 1
branch 176 taken 1 (fallthrough)
branch 177 taken 0 (throw)
        1:   65-block 54
call   178 returned 1
branch 179 taken 1 (fallthrough)
branch 180 taken 0 (throw)
        1:   65-block 55
call   181 returned 1
branch 182 taken 1 (fallthrough)
branch 183 taken 0 (throw)
        1:   65-block 56
call   184 returned 1
branch 185 taken 1 (fallthrough)
branch 186 taken 0 (throw)
        1:   65-block 57
call   187 returned 1
branch 188 taken 1 (fallthrough)
branch 189 taken 0 (throw)
        1:   65-block 58
call   190 returned 1
branch 191 taken 1 (fallthrough)
branch 192 taken 0 (throw)
    $$$$$:   65-block 59
call   193 never executed
    $$$$$:   65-block 60
call   194 never executed
    $$$$$:   65-block 61
call   195 never executed
    $$$$$:   65-block 62
call   196 never executed
    $$$$$:   65-block 63
call   197 never executed
    $$$$$:   65-block 64
call   198 never executed
    $$$$$:   65-block 65
    $$$$$:   65-block 66
call   199 never executed
    $$$$$:   65-block 67
call   200 never executed
    $$$$$:   65-block 68
    $$$$$:   65-block 69
call   201 never executed
    $$$$$:   65-block 70
call   202 never executed
    $$$$$:   65-block 71
    $$$$$:   65-block 72
call   203 never executed
    $$$$$:   65-block 73
call   204 never executed
    $$$$$:   65-block 74
    $$$$$:   65-block 75
call   205 never executed
    $$$$$:   65-block 76
call   206 never executed
    $$$$$:   65-block 77
    $$$$$:   65-block 78
call   207 never executed
    $$$$$:   65-block 79
call   208 never executed
    $$$$$:   65-block 80
    $$$$$:   65-block 81
call   209 never executed
    $$$$$:   65-block 82
call   210 never executed
    $$$$$:   65-block 83
call   211 never executed
    $$$$$:   65-block 84
    $$$$$:   65-block 85
call   212 never executed
    $$$$$:   65-block 86
call   213 never executed
    $$$$$:   65-block 87
    $$$$$:   65-block 88
call   214 never executed
    $$$$$:   65-block 89
call   215 never executed
    $$$$$:   65-block 90
    $$$$$:   65-block 91
call   216 never executed
    $$$$$:   65-block 92
call   217 never executed
    $$$$$:   65-block 93
    $$$$$:   65-block 94
call   218 never executed
    $$$$$:   65-block 95
call   219 never executed
    $$$$$:   65-block 96
    $$$$$:   65-block 97
call   220 never executed
    $$$$$:   65-block 98
call   221 never executed
    $$$$$:   65-block 99
    $$$$$:   65-block 100
call   222 never executed
    $$$$$:   65-block 101
call   223 never executed
    $$$$$:   65-block 102
    $$$$$:   65-block 103
call   224 never executed
    $$$$$:   65-block 104
call   225 never executed
    $$$$$:   65-block 105
    $$$$$:   65-block 106
call   226 never executed
    $$$$$:   65-block 107
call   227 never executed
    $$$$$:   65-block 108
call   228 never executed
    $$$$$:   65-block 109
call   229 never executed
        1:   66:        initGUI();
        1:   66-block  0
call    0 returned 1
branch  1 taken 1 (fallthrough)
branch  2 taken 0 (throw)
        1:   67:        loadData(service.getAll());
        1:   67-block  0
call    0 returned 1
branch  1 taken 1 (fallthrough)
branch  2 taken 0 (throw)
        1:   67-block  1
call    3 returned 1
branch  4 taken 1 (fallthrough)
branch  5 taken 0 (throw)
        1:   68:        addButtons();
        1:   68-block  0
call    0 returned 1
branch  1 taken 1 (fallthrough)
branch  2 taken 0 (throw)
        1:   69:        initConnect();
        1:   69-block  0
call    0 returned 1
branch  1 taken 1 (fallthrough)
branch  2 taken 0 (throw)
        -:   70:
        1:   71:    }
        1:   71-block  0
    $$$$$:   71-block  1
call    0 never executed
    $$$$$:   71-block  2
call    1 never executed
        -:   72:    GUI() = delete;
        -:   73:
        -:   74:    void addMovie();
        -:   75:
        -:   76:    void updateMovie();
        -:   77:
        -:   78:    void deleteMovie();
        -:   79:};
        -:   80:
