        -:    0:Source:/home/octav/CLionProjects/Lab10/main.cpp
        -:    0:Graph:/home/octav/CLionProjects/Lab10/cmake-build-debug-coverage/CMakeFiles/Lab10.dir/main.cpp.gcno
        -:    0:Data:/home/octav/CLionProjects/Lab10/cmake-build-debug-coverage/CMakeFiles/Lab10.dir/main.cpp.gcda
        -:    0:Runs:1
        -:    1:#include "GUI.h"
        -:    2:#include "Tests.h"
function main called 1 returned 100% blocks executed 60%
        1:    3:int main(int argc, char *argv[]) {
        1:    4:    QApplication a(argc, argv);
        1:    4-block  0
call    0 returned 1
branch  1 taken 1 (fallthrough)
branch  2 taken 0 (throw)
        -:    5:    auto test = Tests();
        1:    6:    test.testAll();
        1:    6-block  0
call    0 returned 1
branch  1 taken 1 (fallthrough)
branch  2 taken 0 (throw)
        1:    7:    cout << "Tests passed" << endl;
        1:    7-block  0
call    0 returned 1
branch  1 taken 1 (fallthrough)
branch  2 taken 0 (throw)
        1:    7-block  1
call    3 returned 1
branch  4 taken 1 (fallthrough)
branch  5 taken 0 (throw)
        -:    8:
        1:    9:    MovieRepositoryFile* repo = new MovieRepositoryFile("../Persistence/movies.csv");
        1:    9-block  0
call    0 returned 1
call    1 returned 1
branch  2 taken 1 (fallthrough)
branch  3 taken 0 (throw)
        1:    9-block  1
call    4 returned 1
branch  5 taken 1 (fallthrough)
branch  6 taken 0 (throw)
        1:    9-block  2
call    7 returned 1
branch  8 taken 1 (fallthrough)
branch  9 taken 0 (throw)
        1:    9-block  3
call   10 returned 1
call   11 returned 1
    $$$$$:    9-block  4
call   12 never executed
    $$$$$:    9-block  5
call   13 never executed
    $$$$$:    9-block  6
    $$$$$:    9-block  7
call   14 never executed
    $$$$$:    9-block  8
        -:   10:    Validator validator;
        1:   11:    Service service(repo, validator);
call    0 returned 1
        1:   12:    GUI gui(service);
call    0 returned 1
branch  1 taken 1 (fallthrough)
branch  2 taken 0 (throw)
        1:   13:    gui.show();
        1:   13-block  0
call    0 returned 1
branch  1 taken 1 (fallthrough)
branch  2 taken 0 (throw)
        -:   14:
        1:   15:    return QApplication::exec();
        1:   15-block  0
call    0 returned 1
branch  1 taken 1 (fallthrough)
branch  2 taken 0 (throw)
        1:   15-block  1
        1:   16:}
        1:   16-block  0
call    0 returned 1
call    1 returned 1
call    2 returned 1
    $$$$$:   16-block  1
call    3 never executed
    $$$$$:   16-block  2
call    4 never executed
    $$$$$:   16-block  3
call    5 never executed
