        -:    0:Source:/home/octav/CLionProjects/Lab10/Observer.h
        -:    0:Graph:/home/octav/CLionProjects/Lab10/cmake-build-debug-coverage/CMakeFiles/Lab10.dir/Service.cpp.gcno
        -:    0:Data:/home/octav/CLionProjects/Lab10/cmake-build-debug-coverage/CMakeFiles/Lab10.dir/Service.cpp.gcda
        -:    0:Runs:1
        -:    1:#pragma once
        -:    2:#include <vector>
        -:    3:using std::vector;
        -:    4:
        -:    5:class Observer {
        -:    6:public:
        -:    7:    virtual void update() = 0;
        -:    8:    virtual ~Observer() = default;
        -:    9:};
        -:   10:
        -:   11:class Observable {
        -:   12:private:
        -:   13:    vector<Observer*> observers;
        -:   14:public:
        -:   15:    void addObserver(Observer* observer) {
        -:   16:        observers.push_back(observer);
        -:   17:    }
function _ZN10Observable6notifyEv called 2 returned 100% blocks executed 67%
        2:   18:    void notify() {
       2*:   19:        for (auto observer: observers) {
        2:   19-block  0
call    0 returned 2
call    1 returned 2
    %%%%%:   19-block  1
call    2 never executed
    %%%%%:   19-block  2
call    3 never executed
        2:   19-block  3
call    4 returned 2
branch  5 taken 0
branch  6 taken 2 (fallthrough)
    #####:   20:            observer->update();
call    0 never executed
branch  1 never executed
branch  2 never executed
        -:   21:        }
        2:   22:    }
        2:   22-block  0
    #####:   23:    virtual ~Observable() = default;
------------------
_ZN10ObservableD0Ev:
function _ZN10ObservableD0Ev called 0 returned 0% blocks executed 0%
    #####:   23:    virtual ~Observable() = default;
    %%%%%:   23-block  0
call    0 never executed
call    1 never executed
------------------
_ZN10ObservableD2Ev:
function _ZN10ObservableD2Ev called 0 returned 0% blocks executed 0%
    #####:   23:    virtual ~Observable() = default;
    %%%%%:   23-block  0
call    0 never executed
------------------
        -:   24:};
