        -:    0:Source:/home/octav/CLionProjects/Lab10/WatchlistCRUDGUI.cpp
        -:    0:Graph:/home/octav/CLionProjects/Lab10/cmake-build-debug-coverage/CMakeFiles/Lab10.dir/WatchlistCRUDGUI.cpp.gcno
        -:    0:Data:/home/octav/CLionProjects/Lab10/cmake-build-debug-coverage/CMakeFiles/Lab10.dir/WatchlistCRUDGUI.cpp.gcda
        -:    0:Runs:1
        -:    1://
        -:    2:// Created by octav on 11.05.2023.
        -:    3://
        -:    4:
        -:    5:#include "WatchlistCRUDGUI.h"
        -:    6:
function _ZN16WatchlistCRUDGUI7initGUIEv called 0 returned 0% blocks executed 0%
    #####:    7:void WatchlistCRUDGUI::initGUI() {
    #####:    8:    auto mainLayout = new QHBoxLayout();
    %%%%%:    8-block  0
call    0 never executed
call    1 never executed
branch  2 never executed
branch  3 never executed
    $$$$$:    8-block  1
call    4 never executed
        -:    9:
    #####:   10:    setLayout(mainLayout);
    %%%%%:   10-block  0
call    0 never executed
    #####:   11:    table->setColumnCount(4);
call    0 never executed
    #####:   12:    mainLayout->addWidget(table);
call    0 never executed
call    1 never executed
branch  2 never executed
branch  3 never executed
    $$$$$:   12-block  0
call    4 never executed
        -:   13:
    #####:   14:    auto formLayout = new QFormLayout();
    %%%%%:   14-block  0
call    0 never executed
call    1 never executed
branch  2 never executed
branch  3 never executed
    $$$$$:   14-block  1
call    4 never executed
    #####:   15:    formLayout->addRow("Title",titleText);
    %%%%%:   15-block  0
call    0 never executed
call    1 never executed
branch  2 never executed
branch  3 never executed
    %%%%%:   15-block  1
call    4 never executed
    $$$$$:   15-block  2
call    5 never executed
    $$$$$:   15-block  3
call    6 never executed
    #####:   16:    formLayout->addRow("Genre",genreText);
call    0 never executed
call    1 never executed
branch  2 never executed
branch  3 never executed
    %%%%%:   16-block  0
call    4 never executed
    $$$$$:   16-block  1
call    5 never executed
    $$$$$:   16-block  2
call    6 never executed
    #####:   17:    formLayout->addRow("Year",yearText);
call    0 never executed
call    1 never executed
branch  2 never executed
branch  3 never executed
    %%%%%:   17-block  0
call    4 never executed
    $$$$$:   17-block  1
call    5 never executed
    $$$$$:   17-block  2
call    6 never executed
    #####:   18:    formLayout->addRow("Main actor",mainActorText);
call    0 never executed
call    1 never executed
branch  2 never executed
branch  3 never executed
    %%%%%:   18-block  0
call    4 never executed
    $$$$$:   18-block  1
call    5 never executed
    $$$$$:   18-block  2
call    6 never executed
    #####:   19:    formLayout->addRow("File name", fileName);
call    0 never executed
call    1 never executed
branch  2 never executed
branch  3 never executed
    %%%%%:   19-block  0
call    4 never executed
    $$$$$:   19-block  1
call    5 never executed
    $$$$$:   19-block  2
call    6 never executed
    #####:   20:    formLayout->addRow("Number of movies", numberOfMovies);
call    0 never executed
call    1 never executed
branch  2 never executed
branch  3 never executed
    %%%%%:   20-block  0
call    4 never executed
    $$$$$:   20-block  1
call    5 never executed
    $$$$$:   20-block  2
call    6 never executed
    #####:   21:    mainLayout->addLayout(formLayout);
call    0 never executed
        -:   22:
    #####:   23:    auto buttonLayout = new QVBoxLayout();
call    0 never executed
call    1 never executed
branch  2 never executed
branch  3 never executed
    $$$$$:   23-block  0
call    4 never executed
        -:   24:
    #####:   25:    buttonLayout->addWidget(btnAdd);
    %%%%%:   25-block  0
call    0 never executed
call    1 never executed
branch  2 never executed
branch  3 never executed
    $$$$$:   25-block  1
call    4 never executed
    #####:   26:    buttonLayout->addWidget(btnDelete);
    %%%%%:   26-block  0
call    0 never executed
call    1 never executed
branch  2 never executed
branch  3 never executed
    $$$$$:   26-block  1
call    4 never executed
    #####:   27:    buttonLayout->addWidget(btnSaveToFile);
    %%%%%:   27-block  0
call    0 never executed
call    1 never executed
branch  2 never executed
branch  3 never executed
    $$$$$:   27-block  1
call    4 never executed
    #####:   28:    buttonLayout->addWidget(btnGenerateWatchlist);
    %%%%%:   28-block  0
call    0 never executed
call    1 never executed
branch  2 never executed
branch  3 never executed
    #####:   29:    mainLayout->addLayout(buttonLayout);
    %%%%%:   29-block  0
call    0 never executed
    #####:   30:}
        -:   31:
function _ZN16WatchlistCRUDGUI11initConnectEv called 0 returned 0% blocks executed 0%
    #####:   32:void WatchlistCRUDGUI::initConnect() {
function _ZZN16WatchlistCRUDGUI11initConnectEvENKUlvE_clEv called 0 returned 0% blocks executed 0%
    #####:   33:    QObject::connect(btnAdd, &QPushButton::clicked, [&]() {
    %%%%%:   33-block  0
call    0 never executed
call    1 never executed
        -:   34:        try {
    #####:   35:            service.addToWatchlist(titleText->text().toStdString(), genreText->text().toStdString(),
    %%%%%:   35-block  0
call    0 never executed
branch  1 never executed
branch  2 never executed
    %%%%%:   35-block  1
call    3 never executed
branch  4 never executed
branch  5 never executed
    %%%%%:   35-block  2
call    6 never executed
branch  7 never executed
branch  8 never executed
    %%%%%:   35-block  3
call    9 never executed
branch 10 never executed
branch 11 never executed
    %%%%%:   35-block  4
call   12 never executed
branch 13 never executed
branch 14 never executed
    %%%%%:   35-block  5
call   15 never executed
branch 16 never executed
branch 17 never executed
    %%%%%:   35-block  6
call   18 never executed
call   19 never executed
call   20 never executed
call   21 never executed
    $$$$$:   35-block  7
call   22 never executed
    $$$$$:   35-block  8
    $$$$$:   35-block  9
call   23 never executed
    $$$$$:   35-block 10
    $$$$$:   35-block 11
call   24 never executed
    $$$$$:   35-block 12
    $$$$$:   35-block 13
call   25 never executed
    $$$$$:   35-block 14
    #####:   36:                                 stoi(yearText->text().toStdString()), mainActorText->text().toStdString());
    %%%%%:   36-block  0
call    0 never executed
branch  1 never executed
branch  2 never executed
    %%%%%:   36-block  1
call    3 never executed
branch  4 never executed
branch  5 never executed
    %%%%%:   36-block  2
call    6 never executed
branch  7 never executed
branch  8 never executed
    %%%%%:   36-block  3
call    9 never executed
branch 10 never executed
branch 11 never executed
call   12 never executed
call   13 never executed
call   14 never executed
call   15 never executed
    $$$$$:   36-block  4
call   16 never executed
    $$$$$:   36-block  5
    $$$$$:   36-block  6
call   17 never executed
    $$$$$:   36-block  7
    $$$$$:   36-block  8
call   18 never executed
    $$$$$:   36-block  9
    $$$$$:   36-block 10
call   19 never executed
    $$$$$:   36-block 11
    #####:   37:            loadData();
call    0 never executed
branch  1 never executed
branch  2 never executed
    #####:   38:            update();
    %%%%%:   38-block  0
call    0 never executed
branch  1 never executed
branch  2 never executed
        -:   39:        }
    =====:   40:        catch (exception &e) {
    $$$$$:   40-block  0
branch  0 never executed
branch  1 never executed
    $$$$$:   40-block  1
call    2 never executed
    =====:   41:            QMessageBox::critical(this, "Error", e.what());
call    0 never executed
call    1 never executed
call    2 never executed
branch  3 never executed
branch  4 never executed
    $$$$$:   41-block  0
call    5 never executed
branch  6 never executed
branch  7 never executed
    $$$$$:   41-block  1
call    8 never executed
branch  9 never executed
branch 10 never executed
    $$$$$:   41-block  2
call   11 never executed
call   12 never executed
    $$$$$:   41-block  3
call   13 never executed
    $$$$$:   41-block  4
    $$$$$:   41-block  5
call   14 never executed
    $$$$$:   41-block  6
    $$$$$:   41-block  7
    =====:   42:        }
call    0 never executed
    $$$$$:   42-block  0
call    1 never executed
    #####:   43:    });
    %%%%%:   43-block  0
function _ZZN16WatchlistCRUDGUI11initConnectEvENKUlvE0_clEv called 0 returned 0% blocks executed 0%
    #####:   44:    QObject::connect(btnDelete, &QPushButton::clicked, [&]() {
call    0 never executed
call    1 never executed
        -:   45:        try {
    #####:   46:            service.deleteFromWatchlist(titleText->text().toStdString());
    %%%%%:   46-block  0
call    0 never executed
branch  1 never executed
branch  2 never executed
    %%%%%:   46-block  1
call    3 never executed
branch  4 never executed
branch  5 never executed
    %%%%%:   46-block  2
call    6 never executed
branch  7 never executed
branch  8 never executed
    %%%%%:   46-block  3
call    9 never executed
call   10 never executed
    $$$$$:   46-block  4
call   11 never executed
    $$$$$:   46-block  5
    $$$$$:   46-block  6
call   12 never executed
    $$$$$:   46-block  7
    #####:   47:            loadData();
call    0 never executed
branch  1 never executed
branch  2 never executed
    #####:   48:            update();
    %%%%%:   48-block  0
call    0 never executed
branch  1 never executed
branch  2 never executed
        -:   49:        }
    =====:   50:        catch (exception &e) {
    $$$$$:   50-block  0
branch  0 never executed
branch  1 never executed
    $$$$$:   50-block  1
call    2 never executed
    =====:   51:            QMessageBox::critical(this, "Error", e.what());
call    0 never executed
call    1 never executed
call    2 never executed
branch  3 never executed
branch  4 never executed
    $$$$$:   51-block  0
call    5 never executed
branch  6 never executed
branch  7 never executed
    $$$$$:   51-block  1
call    8 never executed
branch  9 never executed
branch 10 never executed
    $$$$$:   51-block  2
call   11 never executed
call   12 never executed
    $$$$$:   51-block  3
call   13 never executed
    $$$$$:   51-block  4
    $$$$$:   51-block  5
call   14 never executed
    $$$$$:   51-block  6
    $$$$$:   51-block  7
    =====:   52:        }
call    0 never executed
    $$$$$:   52-block  0
call    1 never executed
    #####:   53:    });
    %%%%%:   53-block  0
function _ZZN16WatchlistCRUDGUI11initConnectEvENKUlvE1_clEv called 0 returned 0% blocks executed 0%
    #####:   54:    QObject::connect(btnSaveToFile, &QPushButton::clicked, [&]() {
call    0 never executed
call    1 never executed
        -:   55:        try {
    #####:   56:            string savedFileName = "../Watchlists/"+fileName->text().toStdString()+".csv";
    %%%%%:   56-block  0
call    0 never executed
branch  1 never executed
branch  2 never executed
    %%%%%:   56-block  1
call    3 never executed
branch  4 never executed
branch  5 never executed
    %%%%%:   56-block  2
call    6 never executed
branch  7 never executed
branch  8 never executed
    %%%%%:   56-block  3
call    9 never executed
branch 10 never executed
branch 11 never executed
call   12 never executed
call   13 never executed
    $$$$$:   56-block  4
    $$$$$:   56-block  5
    $$$$$:   56-block  6
    #####:   57:            service.saveWatchlistToFile(savedFileName);
call    0 never executed
branch  1 never executed
branch  2 never executed
    #####:   58:        }
    %%%%%:   58-block  0
call    0 never executed
    $$$$$:   58-block  1
call    1 never executed
    =====:   59:        catch (exception &e) {
    $$$$$:   59-block  0
branch  0 never executed
branch  1 never executed
    $$$$$:   59-block  1
call    2 never executed
    =====:   60:            QMessageBox::critical(this, "Error", e.what());
call    0 never executed
call    1 never executed
call    2 never executed
branch  3 never executed
branch  4 never executed
    $$$$$:   60-block  0
call    5 never executed
branch  6 never executed
branch  7 never executed
    $$$$$:   60-block  1
call    8 never executed
branch  9 never executed
branch 10 never executed
    $$$$$:   60-block  2
call   11 never executed
call   12 never executed
    $$$$$:   60-block  3
call   13 never executed
    $$$$$:   60-block  4
    $$$$$:   60-block  5
call   14 never executed
    $$$$$:   60-block  6
    $$$$$:   60-block  7
    =====:   61:        }
call    0 never executed
    $$$$$:   61-block  0
call    1 never executed
    #####:   62:    });
    %%%%%:   62-block  0
function _ZZN16WatchlistCRUDGUI11initConnectEvENKUlvE2_clEv called 0 returned 0% blocks executed 0%
    #####:   63:    QObject::connect(btnGenerateWatchlist, &QPushButton::clicked, [&]() {
call    0 never executed
call    1 never executed
        -:   64:        try {
    #####:   65:            int numberOfMoviesInt = stoi(numberOfMovies->text().toStdString());
    %%%%%:   65-block  0
call    0 never executed
branch  1 never executed
branch  2 never executed
    %%%%%:   65-block  1
call    3 never executed
branch  4 never executed
branch  5 never executed
    %%%%%:   65-block  2
call    6 never executed
branch  7 never executed
branch  8 never executed
    %%%%%:   65-block  3
call    9 never executed
call   10 never executed
    $$$$$:   65-block  4
call   11 never executed
    $$$$$:   65-block  5
    $$$$$:   65-block  6
call   12 never executed
    $$$$$:   65-block  7
    #####:   66:            service.generateWatchlist(numberOfMoviesInt);
call    0 never executed
branch  1 never executed
branch  2 never executed
    #####:   67:            loadData();
    %%%%%:   67-block  0
call    0 never executed
branch  1 never executed
branch  2 never executed
    #####:   68:            update();
    %%%%%:   68-block  0
call    0 never executed
branch  1 never executed
branch  2 never executed
        -:   69:        }
    =====:   70:        catch (exception &e) {
    $$$$$:   70-block  0
branch  0 never executed
branch  1 never executed
    $$$$$:   70-block  1
call    2 never executed
    =====:   71:            QMessageBox::critical(this, "Error", e.what());
call    0 never executed
call    1 never executed
call    2 never executed
branch  3 never executed
branch  4 never executed
    $$$$$:   71-block  0
call    5 never executed
branch  6 never executed
branch  7 never executed
    $$$$$:   71-block  1
call    8 never executed
branch  9 never executed
branch 10 never executed
    $$$$$:   71-block  2
call   11 never executed
call   12 never executed
    $$$$$:   71-block  3
call   13 never executed
    $$$$$:   71-block  4
    $$$$$:   71-block  5
call   14 never executed
    $$$$$:   71-block  6
    $$$$$:   71-block  7
    =====:   72:        }
call    0 never executed
    $$$$$:   72-block  0
call    1 never executed
    #####:   73:    });
    %%%%%:   73-block  0
function _ZZN16WatchlistCRUDGUI11initConnectEvENKUlvE3_clEv called 0 returned 0% blocks executed 0%
    #####:   74:    QObject::connect(table, &QTableWidget::itemSelectionChanged, [&]() {
call    0 never executed
call    1 never executed
    #####:   75:        if (table->selectedItems().isEmpty()) {
    %%%%%:   75-block  0
call    0 never executed
branch  1 never executed
branch  2 never executed
    %%%%%:   75-block  1
call    3 never executed
call    4 never executed
branch  5 never executed
branch  6 never executed
    #####:   76:            titleText->setText("");
    %%%%%:   76-block  0
call    0 never executed
branch  1 never executed
branch  2 never executed
    %%%%%:   76-block  1
call    3 never executed
branch  4 never executed
branch  5 never executed
    %%%%%:   76-block  2
call    6 never executed
    $$$$$:   76-block  3
call    7 never executed
    $$$$$:   76-block  4
    #####:   77:            genreText->setText("");
call    0 never executed
branch  1 never executed
branch  2 never executed
    %%%%%:   77-block  0
call    3 never executed
branch  4 never executed
branch  5 never executed
    %%%%%:   77-block  1
call    6 never executed
    $$$$$:   77-block  2
call    7 never executed
    $$$$$:   77-block  3
    #####:   78:            yearText->setText("");
call    0 never executed
branch  1 never executed
branch  2 never executed
    %%%%%:   78-block  0
call    3 never executed
branch  4 never executed
branch  5 never executed
    %%%%%:   78-block  1
call    6 never executed
    $$$$$:   78-block  2
call    7 never executed
    $$$$$:   78-block  3
    #####:   79:            mainActorText->setText("");
call    0 never executed
branch  1 never executed
branch  2 never executed
    %%%%%:   79-block  0
call    3 never executed
branch  4 never executed
branch  5 never executed
    %%%%%:   79-block  1
call    6 never executed
    $$$$$:   79-block  2
call    7 never executed
    $$$$$:   79-block  3
    #####:   80:            return;
        -:   81:        }
        -:   82:
    #####:   83:        auto selectedRow = table->selectedItems().at(0)->row();
    %%%%%:   83-block  0
call    0 never executed
branch  1 never executed
branch  2 never executed
    %%%%%:   83-block  1
call    3 never executed
call    4 never executed
branch  5 never executed
branch  6 never executed
    %%%%%:   83-block  2
call    7 never executed
    $$$$$:   83-block  3
call    8 never executed
    $$$$$:   83-block  4
    #####:   84:        auto title = table->item(selectedRow, 0)->text();
call    0 never executed
branch  1 never executed
branch  2 never executed
    %%%%%:   84-block  0
call    3 never executed
branch  4 never executed
branch  5 never executed
    #####:   85:        auto genre = table->item(selectedRow, 1)->text();
    %%%%%:   85-block  0
call    0 never executed
branch  1 never executed
branch  2 never executed
    %%%%%:   85-block  1
call    3 never executed
branch  4 never executed
branch  5 never executed
    #####:   86:        auto year = table->item(selectedRow, 2)->text();
    %%%%%:   86-block  0
call    0 never executed
branch  1 never executed
branch  2 never executed
    %%%%%:   86-block  1
call    3 never executed
branch  4 never executed
branch  5 never executed
    #####:   87:        auto mainActor = table->item(selectedRow, 3)->text();
    %%%%%:   87-block  0
call    0 never executed
branch  1 never executed
branch  2 never executed
    %%%%%:   87-block  1
call    3 never executed
branch  4 never executed
branch  5 never executed
        -:   88:
    #####:   89:        titleText->setText(title);
    %%%%%:   89-block  0
call    0 never executed
branch  1 never executed
branch  2 never executed
    #####:   90:        genreText->setText(genre);
    %%%%%:   90-block  0
call    0 never executed
branch  1 never executed
branch  2 never executed
    #####:   91:        yearText->setText(year);
    %%%%%:   91-block  0
call    0 never executed
branch  1 never executed
branch  2 never executed
    #####:   92:        mainActorText->setText(mainActor);
    %%%%%:   92-block  0
call    0 never executed
branch  1 never executed
branch  2 never executed
    #####:   93:    });
    %%%%%:   93-block  0
call    0 never executed
call    1 never executed
call    2 never executed
call    3 never executed
    $$$$$:   93-block  1
call    4 never executed
    $$$$$:   93-block  2
call    5 never executed
    $$$$$:   93-block  3
call    6 never executed
    $$$$$:   93-block  4
call    7 never executed
    #####:   94:}
        -:   95:
function _ZN16WatchlistCRUDGUI8loadDataEv called 0 returned 0% blocks executed 0%
    #####:   96:void WatchlistCRUDGUI::loadData() {
    #####:   97:    vector<Movie> watchList = service.getWatchlist();
    %%%%%:   97-block  0
call    0 never executed
branch  1 never executed
branch  2 never executed
    #####:   98:    table->clear();
    %%%%%:   98-block  0
call    0 never executed
branch  1 never executed
branch  2 never executed
    #####:   99:    table->setRowCount(0);
    %%%%%:   99-block  0
call    0 never executed
branch  1 never executed
branch  2 never executed
    #####:  100:    for (const auto& movie : watchList) {
    %%%%%:  100-block  0
call    0 never executed
call    1 never executed
    %%%%%:  100-block  1
call    2 never executed
    %%%%%:  100-block  2
call    3 never executed
    %%%%%:  100-block  3
call    4 never executed
branch  5 never executed
branch  6 never executed
    #####:  101:        auto row = table->rowCount();
call    0 never executed
branch  1 never executed
branch  2 never executed
    #####:  102:        table->insertRow(row);
    %%%%%:  102-block  0
call    0 never executed
branch  1 never executed
branch  2 never executed
        -:  103:
    #####:  104:        auto titleItem = new QTableWidgetItem(QString::fromStdString(movie.getTitle()));
    %%%%%:  104-block  0
call    0 never executed
branch  1 never executed
branch  2 never executed
    %%%%%:  104-block  1
call    3 never executed
branch  4 never executed
branch  5 never executed
    %%%%%:  104-block  2
call    6 never executed
branch  7 never executed
branch  8 never executed
    %%%%%:  104-block  3
call    9 never executed
branch 10 never executed
branch 11 never executed
    %%%%%:  104-block  4
call   12 never executed
call   13 never executed
    $$$$$:  104-block  5
call   14 never executed
    $$$$$:  104-block  6
call   15 never executed
    $$$$$:  104-block  7
    $$$$$:  104-block  8
call   16 never executed
    $$$$$:  104-block  9
    #####:  105:        auto genreItem = new QTableWidgetItem(QString::fromStdString(movie.getGenre()));
call    0 never executed
branch  1 never executed
branch  2 never executed
    %%%%%:  105-block  0
call    3 never executed
branch  4 never executed
branch  5 never executed
    %%%%%:  105-block  1
call    6 never executed
branch  7 never executed
branch  8 never executed
    %%%%%:  105-block  2
call    9 never executed
branch 10 never executed
branch 11 never executed
    %%%%%:  105-block  3
call   12 never executed
call   13 never executed
    $$$$$:  105-block  4
call   14 never executed
    $$$$$:  105-block  5
call   15 never executed
    $$$$$:  105-block  6
    $$$$$:  105-block  7
call   16 never executed
    $$$$$:  105-block  8
    #####:  106:        auto yearItem = new QTableWidgetItem(QString::fromStdString(to_string(movie.getYear())));
call    0 never executed
branch  1 never executed
branch  2 never executed
    %%%%%:  106-block  0
call    3 never executed
branch  4 never executed
branch  5 never executed
    %%%%%:  106-block  1
call    6 never executed
branch  7 never executed
branch  8 never executed
    %%%%%:  106-block  2
call    9 never executed
branch 10 never executed
branch 11 never executed
    %%%%%:  106-block  3
call   12 never executed
branch 13 never executed
branch 14 never executed
    %%%%%:  106-block  4
call   15 never executed
call   16 never executed
    $$$$$:  106-block  5
call   17 never executed
    $$$$$:  106-block  6
call   18 never executed
    $$$$$:  106-block  7
    $$$$$:  106-block  8
call   19 never executed
    $$$$$:  106-block  9
    #####:  107:        auto mainActorItem = new QTableWidgetItem(QString::fromStdString(movie.getMainActor()));
call    0 never executed
branch  1 never executed
branch  2 never executed
    %%%%%:  107-block  0
call    3 never executed
branch  4 never executed
branch  5 never executed
    %%%%%:  107-block  1
call    6 never executed
branch  7 never executed
branch  8 never executed
    %%%%%:  107-block  2
call    9 never executed
branch 10 never executed
branch 11 never executed
    %%%%%:  107-block  3
call   12 never executed
call   13 never executed
    $$$$$:  107-block  4
call   14 never executed
    $$$$$:  107-block  5
call   15 never executed
    $$$$$:  107-block  6
    $$$$$:  107-block  7
call   16 never executed
    $$$$$:  107-block  8
        -:  108:
    #####:  109:        table->setItem(row, 0, titleItem);
call    0 never executed
branch  1 never executed
branch  2 never executed
    #####:  110:        table->setItem(row, 1, genreItem);
    %%%%%:  110-block  0
call    0 never executed
branch  1 never executed
branch  2 never executed
    #####:  111:        table->setItem(row, 2, yearItem);
    %%%%%:  111-block  0
call    0 never executed
branch  1 never executed
branch  2 never executed
    #####:  112:        table->setItem(row, 3, mainActorItem);
    %%%%%:  112-block  0
call    0 never executed
branch  1 never executed
branch  2 never executed
        -:  113:    }
    #####:  114:}
    %%%%%:  114-block  0
call    0 never executed
    $$$$$:  114-block  1
call    1 never executed
        -:  115:
